
> backend@1.0.0 start
> node index.js

[dotenv@17.3.1] injecting env (0) from .env -- tip: ⚙️  enable debug logging with { debug: true }
Server is running on port 5000
requireTeacher check: {
  userId: '915a93d5-a01b-4f97-9262-6f219f002023',
  role: 'TEACHER',
  iat: 1774266707,
  exp: 1774353107
}
requireTeacher check: {
  userId: '915a93d5-a01b-4f97-9262-6f219f002023',
  role: 'TEACHER',
  iat: 1774266707,
  exp: 1774353107
}
requireTeacher check: {
  userId: '915a93d5-a01b-4f97-9262-6f219f002023',
  role: 'TEACHER',
  iat: 1774266707,
  exp: 1774353107
}
requireTeacher check: {
  userId: '915a93d5-a01b-4f97-9262-6f219f002023',
  role: 'TEACHER',
  iat: 1774266707,
  exp: 1774353107
}
requireTeacher check: {
  userId: '915a93d5-a01b-4f97-9262-6f219f002023',
  role: 'TEACHER',
  iat: 1774266707,
  exp: 1774353107
}
A user connected: 6AgshcPCSR7wQ3jzAAAC
User 6AgshcPCSR7wQ3jzAAAC joined lesson 37515c77-b340-4c9b-9955-4660cf614b13
User disconnected: 6AgshcPCSR7wQ3jzAAAC
requireTeacher check: {
  userId: '915a93d5-a01b-4f97-9262-6f219f002023',
  role: 'TEACHER',
  iat: 1774269298,
  exp: 1774355698
}
